<?xml version="1.0" encoding="UTF-8"?>
<!-- Generated by org.testng.reporters.JUnitReportReporter -->
<testsuite skipped="0" hostname="LAPTOP-98BBEGTQ" name="requestvalidation.Users_RequestValidation" tests="3" failures="0" timestamp="24 Mar 2021 13:11:16 GMT" time="5.445" errors="0">
  <testcase name="Validfieldtest" time="1.259" classname="requestvalidation.Users_RequestValidation"/>
  <testcase name="InvalidContentType" time="2.944" classname="requestvalidation.Users_RequestValidation"/>
  <testcase name="Invalidfieldtest" time="1.242" classname="requestvalidation.Users_RequestValidation"/>
</testsuite> <!-- requestvalidation.Users_RequestValidation -->
